{"name": "Успішний логін", "status": "broken", "statusDetails": {"message": "selenium.common.exceptions.NoSuchElementException: Message: no such element: Unable to locate element: {\"method\":\"css selector\",\"selector\":\"[id=\"email\"]\"}\n  (Session info: chrome=134.0.6998.89); For documentation on this error, please visit: https://www.selenium.dev/documentation/webdriver/troubleshooting/errors#no-such-element-exception\nStacktrace:\n\tGetHandleVerifier [0x00007FF74B9DFE65+26629]\n\t(No symbol) [0x00007FF74B946030]\n\t(No symbol) [0x00007FF74B7D931A]\n\t(No symbol) [0x00007FF74B82F8E7]\n\t(No symbol) [0x00007FF74B82FB1C]\n\t(No symbol) [0x00007FF74B8834A7]\n\t(No symbol) [0x00007FF74B857AEF]\n\t(No symbol) [0x00007FF74B880169]\n\t(No symbol) [0x00007FF74B857883]\n\t(No symbol) [0x00007FF74B820550]\n\t(No symbol) [0x00007FF74B821803]\n\tGetHandleVerifier [0x00007FF74BD372DD+3529853]\n\tGetHandleVerifier [0x00007FF74BD4DA42+3621858]\n\tGetHandleVerifier [0x00007FF74BD424F3+3575443]\n\tGetHandleVerifier [0x00007FF74BAAB79A+860474]\n\t(No symbol) [0x00007FF74B9508AF]\n\t(No symbol) [0x00007FF74B94CBE4]\n\t(No symbol) [0x00007FF74B94CD86]\n\t(No symbol) [0x00007FF74B93C2E9]\n\tBaseThreadInitThunk [0x00007FFE9E88E8D7+23]\n\tRtlUserThreadStart [0x00007FFE9EDDBF2C+44]\n\n", "trace": "  File \"C:\\Users\\annpo\\PycharmProjects\\Behave\\venv\\Lib\\site-packages\\behave\\model.py\", line 1329, in run\n    match.run(runner.context)\n  File \"C:\\Users\\annpo\\PycharmProjects\\Behave\\venv\\Lib\\site-packages\\behave\\matchers.py\", line 98, in run\n    self.func(context, *args, **kwargs)\n  File \"features\\steps\\login_steps.py\", line 13, in enter_credentials\n    context.page.enter_email(email)\n  File \"C:\\Users\\annpo\\PycharmProjects\\Behave\\features\\pages\\login_page.py\", line 15, in enter_email\n    self.driver.find_element(*self.email_input).send_keys(email)\n    ^^^^^^^^^^^^^^^^^^^^^^^^^^^^^^^^^^^^^^^^^^^\n  File \"C:\\Users\\annpo\\PycharmProjects\\Behave\\venv\\Lib\\site-packages\\selenium\\webdriver\\remote\\webdriver.py\", line 898, in find_element\n    return self.execute(Command.FIND_ELEMENT, {\"using\": by, \"value\": value})[\"value\"]\n           ^^^^^^^^^^^^^^^^^^^^^^^^^^^^^^^^^^^^^^^^^^^^^^^^^^^^^^^^^^^^^^^^^\n  File \"C:\\Users\\annpo\\PycharmProjects\\Behave\\venv\\Lib\\site-packages\\selenium\\webdriver\\remote\\webdriver.py\", line 429, in execute\n    self.error_handler.check_response(response)\n  File \"C:\\Users\\annpo\\PycharmProjects\\Behave\\venv\\Lib\\site-packages\\selenium\\webdriver\\remote\\errorhandler.py\", line 232, in check_response\n    raise exception_class(message, screen, stacktrace)\n"}, "steps": [{"name": "Given користувач відкриває сторінку логіна", "status": "passed", "start": 1742482500052, "stop": 1742482502670}, {"name": "When він вводить \"user@example.com\" і \"password123\"", "status": "broken", "statusDetails": {"message": "selenium.common.exceptions.NoSuchElementException: Message: no such element: Unable to locate element: {\"method\":\"css selector\",\"selector\":\"[id=\"email\"]\"}\n  (Session info: chrome=134.0.6998.89); For documentation on this error, please visit: https://www.selenium.dev/documentation/webdriver/troubleshooting/errors#no-such-element-exception\nStacktrace:\n\tGetHandleVerifier [0x00007FF74B9DFE65+26629]\n\t(No symbol) [0x00007FF74B946030]\n\t(No symbol) [0x00007FF74B7D931A]\n\t(No symbol) [0x00007FF74B82F8E7]\n\t(No symbol) [0x00007FF74B82FB1C]\n\t(No symbol) [0x00007FF74B8834A7]\n\t(No symbol) [0x00007FF74B857AEF]\n\t(No symbol) [0x00007FF74B880169]\n\t(No symbol) [0x00007FF74B857883]\n\t(No symbol) [0x00007FF74B820550]\n\t(No symbol) [0x00007FF74B821803]\n\tGetHandleVerifier [0x00007FF74BD372DD+3529853]\n\tGetHandleVerifier [0x00007FF74BD4DA42+3621858]\n\tGetHandleVerifier [0x00007FF74BD424F3+3575443]\n\tGetHandleVerifier [0x00007FF74BAAB79A+860474]\n\t(No symbol) [0x00007FF74B9508AF]\n\t(No symbol) [0x00007FF74B94CBE4]\n\t(No symbol) [0x00007FF74B94CD86]\n\t(No symbol) [0x00007FF74B93C2E9]\n\tBaseThreadInitThunk [0x00007FFE9E88E8D7+23]\n\tRtlUserThreadStart [0x00007FFE9EDDBF2C+44]\n\n", "trace": "  File \"C:\\Users\\annpo\\PycharmProjects\\Behave\\venv\\Lib\\site-packages\\behave\\model.py\", line 1329, in run\n    match.run(runner.context)\n  File \"C:\\Users\\annpo\\PycharmProjects\\Behave\\venv\\Lib\\site-packages\\behave\\matchers.py\", line 98, in run\n    self.func(context, *args, **kwargs)\n  File \"features\\steps\\login_steps.py\", line 13, in enter_credentials\n    context.page.enter_email(email)\n  File \"C:\\Users\\annpo\\PycharmProjects\\Behave\\features\\pages\\login_page.py\", line 15, in enter_email\n    self.driver.find_element(*self.email_input).send_keys(email)\n    ^^^^^^^^^^^^^^^^^^^^^^^^^^^^^^^^^^^^^^^^^^^\n  File \"C:\\Users\\annpo\\PycharmProjects\\Behave\\venv\\Lib\\site-packages\\selenium\\webdriver\\remote\\webdriver.py\", line 898, in find_element\n    return self.execute(Command.FIND_ELEMENT, {\"using\": by, \"value\": value})[\"value\"]\n           ^^^^^^^^^^^^^^^^^^^^^^^^^^^^^^^^^^^^^^^^^^^^^^^^^^^^^^^^^^^^^^^^^\n  File \"C:\\Users\\annpo\\PycharmProjects\\Behave\\venv\\Lib\\site-packages\\selenium\\webdriver\\remote\\webdriver.py\", line 429, in execute\n    self.error_handler.check_response(response)\n  File \"C:\\Users\\annpo\\PycharmProjects\\Behave\\venv\\Lib\\site-packages\\selenium\\webdriver\\remote\\errorhandler.py\", line 232, in check_response\n    raise exception_class(message, screen, stacktrace)\n"}, "start": 1742482502670, "stop": 1742482502683}, {"name": "Then він бачить повідомлення \"Вхід успішний\"", "status": "skipped", "start": 1742482502684, "stop": 1742482502684}], "start": 1742482500050, "stop": 1742482502684, "uuid": "c2d6bebd-8b25-499f-8d01-33dbab4a8afd", "historyId": "5c7c7131eb30dbba775f64fd6ae1aa72", "fullName": "Логін на сайт: Успішний логін", "labels": [{"name": "severity", "value": "normal"}, {"name": "feature", "value": "Логін на сайт"}, {"name": "framework", "value": "behave"}, {"name": "language", "value": "cpython3"}]}