{"name": "Успішний логін", "status": "broken", "statusDetails": {"message": "selenium.common.exceptions.NoSuchElementException: Message: no such element: Unable to locate element: {\"method\":\"css selector\",\"selector\":\"[id=\"email\"]\"}\n  (Session info: chrome=134.0.6998.118); For documentation on this error, please visit: https://www.selenium.dev/documentation/webdriver/troubleshooting/errors#no-such-element-exception\nStacktrace:\n\tGetHandleVerifier [0x00007FF74F67FE65+26629]\n\t(No symbol) [0x00007FF74F5E6030]\n\t(No symbol) [0x00007FF74F47931A]\n\t(No symbol) [0x00007FF74F4CF8E7]\n\t(No symbol) [0x00007FF74F4CFB1C]\n\t(No symbol) [0x00007FF74F5234A7]\n\t(No symbol) [0x00007FF74F4F7AEF]\n\t(No symbol) [0x00007FF74F520169]\n\t(No symbol) [0x00007FF74F4F7883]\n\t(No symbol) [0x00007FF74F4C0550]\n\t(No symbol) [0x00007FF74F4C1803]\n\tGetHandleVerifier [0x00007FF74F9D72DD+3529853]\n\tGetHandleVerifier [0x00007FF74F9EDA42+3621858]\n\tGetHandleVerifier [0x00007FF74F9E24F3+3575443]\n\tGetHandleVerifier [0x00007FF74F74B79A+860474]\n\t(No symbol) [0x00007FF74F5F08AF]\n\t(No symbol) [0x00007FF74F5ECBE4]\n\t(No symbol) [0x00007FF74F5ECD86]\n\t(No symbol) [0x00007FF74F5DC2E9]\n\tBaseThreadInitThunk [0x00007FFBC41FE8D7+23]\n\tRtlUserThreadStart [0x00007FFBC5DFBF6C+44]\n\n", "trace": "  File \"C:\\Users\\annpo\\PycharmProjects\\Behave\\venv\\Lib\\site-packages\\behave\\model.py\", line 1329, in run\n    match.run(runner.context)\n  File \"C:\\Users\\annpo\\PycharmProjects\\Behave\\venv\\Lib\\site-packages\\behave\\matchers.py\", line 98, in run\n    self.func(context, *args, **kwargs)\n  File \"C:\\Users\\annpo\\PycharmProjects\\Behave\\venv\\Lib\\site-packages\\allure_commons\\_allure.py\", line 192, in impl\n    return func(*a, **kw)\n           ^^^^^^^^^^^^^^\n  File \"features\\steps\\login_steps.py\", line 18, in enter_credentials\n    context.page.enter_email(email)\n  File \"C:\\Users\\annpo\\PycharmProjects\\Behave\\features\\pages\\login_page.py\", line 15, in enter_email\n    self.driver.find_element(*self.email_input).send_keys(email)\n    ^^^^^^^^^^^^^^^^^^^^^^^^^^^^^^^^^^^^^^^^^^^\n  File \"C:\\Users\\annpo\\PycharmProjects\\Behave\\venv\\Lib\\site-packages\\selenium\\webdriver\\remote\\webdriver.py\", line 898, in find_element\n    return self.execute(Command.FIND_ELEMENT, {\"using\": by, \"value\": value})[\"value\"]\n           ^^^^^^^^^^^^^^^^^^^^^^^^^^^^^^^^^^^^^^^^^^^^^^^^^^^^^^^^^^^^^^^^^\n  File \"C:\\Users\\annpo\\PycharmProjects\\Behave\\venv\\Lib\\site-packages\\selenium\\webdriver\\remote\\webdriver.py\", line 429, in execute\n    self.error_handler.check_response(response)\n  File \"C:\\Users\\annpo\\PycharmProjects\\Behave\\venv\\Lib\\site-packages\\selenium\\webdriver\\remote\\errorhandler.py\", line 232, in check_response\n    raise exception_class(message, screen, stacktrace)\n"}, "steps": [{"name": "Given користувач відкриває сторінку логіна", "status": "passed", "steps": [{"name": "Відкриття сторінки логіна", "status": "passed", "parameters": [{"name": "context", "value": "<behave.runner.Context object at 0x00000255C4067990>"}], "start": 1742548402811, "stop": 1742548405239}], "start": 1742548402810, "stop": 1742548405240}, {"name": "When він вводить \"user@example.com\" і \"password123\"", "status": "broken", "statusDetails": {"message": "selenium.common.exceptions.NoSuchElementException: Message: no such element: Unable to locate element: {\"method\":\"css selector\",\"selector\":\"[id=\"email\"]\"}\n  (Session info: chrome=134.0.6998.118); For documentation on this error, please visit: https://www.selenium.dev/documentation/webdriver/troubleshooting/errors#no-such-element-exception\nStacktrace:\n\tGetHandleVerifier [0x00007FF74F67FE65+26629]\n\t(No symbol) [0x00007FF74F5E6030]\n\t(No symbol) [0x00007FF74F47931A]\n\t(No symbol) [0x00007FF74F4CF8E7]\n\t(No symbol) [0x00007FF74F4CFB1C]\n\t(No symbol) [0x00007FF74F5234A7]\n\t(No symbol) [0x00007FF74F4F7AEF]\n\t(No symbol) [0x00007FF74F520169]\n\t(No symbol) [0x00007FF74F4F7883]\n\t(No symbol) [0x00007FF74F4C0550]\n\t(No symbol) [0x00007FF74F4C1803]\n\tGetHandleVerifier [0x00007FF74F9D72DD+3529853]\n\tGetHandleVerifier [0x00007FF74F9EDA42+3621858]\n\tGetHandleVerifier [0x00007FF74F9E24F3+3575443]\n\tGetHandleVerifier [0x00007FF74F74B79A+860474]\n\t(No symbol) [0x00007FF74F5F08AF]\n\t(No symbol) [0x00007FF74F5ECBE4]\n\t(No symbol) [0x00007FF74F5ECD86]\n\t(No symbol) [0x00007FF74F5DC2E9]\n\tBaseThreadInitThunk [0x00007FFBC41FE8D7+23]\n\tRtlUserThreadStart [0x00007FFBC5DFBF6C+44]\n\n", "trace": "  File \"C:\\Users\\annpo\\PycharmProjects\\Behave\\venv\\Lib\\site-packages\\behave\\model.py\", line 1329, in run\n    match.run(runner.context)\n  File \"C:\\Users\\annpo\\PycharmProjects\\Behave\\venv\\Lib\\site-packages\\behave\\matchers.py\", line 98, in run\n    self.func(context, *args, **kwargs)\n  File \"C:\\Users\\annpo\\PycharmProjects\\Behave\\venv\\Lib\\site-packages\\allure_commons\\_allure.py\", line 192, in impl\n    return func(*a, **kw)\n           ^^^^^^^^^^^^^^\n  File \"features\\steps\\login_steps.py\", line 18, in enter_credentials\n    context.page.enter_email(email)\n  File \"C:\\Users\\annpo\\PycharmProjects\\Behave\\features\\pages\\login_page.py\", line 15, in enter_email\n    self.driver.find_element(*self.email_input).send_keys(email)\n    ^^^^^^^^^^^^^^^^^^^^^^^^^^^^^^^^^^^^^^^^^^^\n  File \"C:\\Users\\annpo\\PycharmProjects\\Behave\\venv\\Lib\\site-packages\\selenium\\webdriver\\remote\\webdriver.py\", line 898, in find_element\n    return self.execute(Command.FIND_ELEMENT, {\"using\": by, \"value\": value})[\"value\"]\n           ^^^^^^^^^^^^^^^^^^^^^^^^^^^^^^^^^^^^^^^^^^^^^^^^^^^^^^^^^^^^^^^^^\n  File \"C:\\Users\\annpo\\PycharmProjects\\Behave\\venv\\Lib\\site-packages\\selenium\\webdriver\\remote\\webdriver.py\", line 429, in execute\n    self.error_handler.check_response(response)\n  File \"C:\\Users\\annpo\\PycharmProjects\\Behave\\venv\\Lib\\site-packages\\selenium\\webdriver\\remote\\errorhandler.py\", line 232, in check_response\n    raise exception_class(message, screen, stacktrace)\n"}, "steps": [{"name": "Введення облікових даних: 'user@example.com' / 'password123'", "status": "broken", "statusDetails": {"message": "selenium.common.exceptions.NoSuchElementException: Message: no such element: Unable to locate element: {\"method\":\"css selector\",\"selector\":\"[id=\"email\"]\"}\n  (Session info: chrome=134.0.6998.118); For documentation on this error, please visit: https://www.selenium.dev/documentation/webdriver/troubleshooting/errors#no-such-element-exception\nStacktrace:\n\tGetHandleVerifier [0x00007FF74F67FE65+26629]\n\t(No symbol) [0x00007FF74F5E6030]\n\t(No symbol) [0x00007FF74F47931A]\n\t(No symbol) [0x00007FF74F4CF8E7]\n\t(No symbol) [0x00007FF74F4CFB1C]\n\t(No symbol) [0x00007FF74F5234A7]\n\t(No symbol) [0x00007FF74F4F7AEF]\n\t(No symbol) [0x00007FF74F520169]\n\t(No symbol) [0x00007FF74F4F7883]\n\t(No symbol) [0x00007FF74F4C0550]\n\t(No symbol) [0x00007FF74F4C1803]\n\tGetHandleVerifier [0x00007FF74F9D72DD+3529853]\n\tGetHandleVerifier [0x00007FF74F9EDA42+3621858]\n\tGetHandleVerifier [0x00007FF74F9E24F3+3575443]\n\tGetHandleVerifier [0x00007FF74F74B79A+860474]\n\t(No symbol) [0x00007FF74F5F08AF]\n\t(No symbol) [0x00007FF74F5ECBE4]\n\t(No symbol) [0x00007FF74F5ECD86]\n\t(No symbol) [0x00007FF74F5DC2E9]\n\tBaseThreadInitThunk [0x00007FFBC41FE8D7+23]\n\tRtlUserThreadStart [0x00007FFBC5DFBF6C+44]\n\n", "trace": "  File \"C:\\Users\\annpo\\PycharmProjects\\Behave\\venv\\Lib\\site-packages\\allure_commons\\_allure.py\", line 192, in impl\n    return func(*a, **kw)\n           ^^^^^^^^^^^^^^\n  File \"features\\steps\\login_steps.py\", line 18, in enter_credentials\n    context.page.enter_email(email)\n  File \"C:\\Users\\annpo\\PycharmProjects\\Behave\\features\\pages\\login_page.py\", line 15, in enter_email\n    self.driver.find_element(*self.email_input).send_keys(email)\n    ^^^^^^^^^^^^^^^^^^^^^^^^^^^^^^^^^^^^^^^^^^^\n  File \"C:\\Users\\annpo\\PycharmProjects\\Behave\\venv\\Lib\\site-packages\\selenium\\webdriver\\remote\\webdriver.py\", line 898, in find_element\n    return self.execute(Command.FIND_ELEMENT, {\"using\": by, \"value\": value})[\"value\"]\n           ^^^^^^^^^^^^^^^^^^^^^^^^^^^^^^^^^^^^^^^^^^^^^^^^^^^^^^^^^^^^^^^^^\n  File \"C:\\Users\\annpo\\PycharmProjects\\Behave\\venv\\Lib\\site-packages\\selenium\\webdriver\\remote\\webdriver.py\", line 429, in execute\n    self.error_handler.check_response(response)\n  File \"C:\\Users\\annpo\\PycharmProjects\\Behave\\venv\\Lib\\site-packages\\selenium\\webdriver\\remote\\errorhandler.py\", line 232, in check_response\n    raise exception_class(message, screen, stacktrace)\n"}, "parameters": [{"name": "context", "value": "<behave.runner.Context object at 0x00000255C4067990>"}, {"name": "email", "value": "'user@example.com'"}, {"name": "password", "value": "'password123'"}], "start": 1742548405240, "stop": 1742548405256}], "start": 1742548405240, "stop": 1742548405321}, {"name": "Then він бачить повідомлення \"Вхід успішний\"", "status": "skipped", "start": 1742548405321, "stop": 1742548405322}], "start": 1742548402809, "stop": 1742548405322, "uuid": "77a202f5-e2f4-47d9-b1dc-366cc99fa515", "historyId": "5c7c7131eb30dbba775f64fd6ae1aa72", "fullName": "Логін на сайт: Успішний логін", "labels": [{"name": "severity", "value": "normal"}, {"name": "feature", "value": "Логін на сайт"}, {"name": "framework", "value": "behave"}, {"name": "language", "value": "cpython3"}]}