{"name": "Успішний логін", "status": "broken", "statusDetails": {"message": "selenium.common.exceptions.NoSuchElementException: Message: no such element: Unable to locate element: {\"method\":\"css selector\",\"selector\":\"[id=\"email\"]\"}\n  (Session info: chrome=134.0.6998.118); For documentation on this error, please visit: https://www.selenium.dev/documentation/webdriver/troubleshooting/errors#no-such-element-exception\nStacktrace:\n\tGetHandleVerifier [0x00007FF6C61BFE65+26629]\n\t(No symbol) [0x00007FF6C6126030]\n\t(No symbol) [0x00007FF6C5FB931A]\n\t(No symbol) [0x00007FF6C600F8E7]\n\t(No symbol) [0x00007FF6C600FB1C]\n\t(No symbol) [0x00007FF6C60634A7]\n\t(No symbol) [0x00007FF6C6037AEF]\n\t(No symbol) [0x00007FF6C6060169]\n\t(No symbol) [0x00007FF6C6037883]\n\t(No symbol) [0x00007FF6C6000550]\n\t(No symbol) [0x00007FF6C6001803]\n\tGetHandleVerifier [0x00007FF6C65172DD+3529853]\n\tGetHandleVerifier [0x00007FF6C652DA42+3621858]\n\tGetHandleVerifier [0x00007FF6C65224F3+3575443]\n\tGetHandleVerifier [0x00007FF6C628B79A+860474]\n\t(No symbol) [0x00007FF6C61308AF]\n\t(No symbol) [0x00007FF6C612CBE4]\n\t(No symbol) [0x00007FF6C612CD86]\n\t(No symbol) [0x00007FF6C611C2E9]\n\tBaseThreadInitThunk [0x00007FF9F74AE8D7+23]\n\tRtlUserThreadStart [0x00007FF9F971BF6C+44]\n\n", "trace": "  File \"C:\\Users\\annpo\\PycharmProjects\\Behave\\venv\\Lib\\site-packages\\behave\\model.py\", line 1329, in run\n    match.run(runner.context)\n  File \"C:\\Users\\annpo\\PycharmProjects\\Behave\\venv\\Lib\\site-packages\\behave\\matchers.py\", line 98, in run\n    self.func(context, *args, **kwargs)\n  File \"features\\steps\\login_steps.py\", line 13, in enter_credentials\n    context.page.enter_email(email)\n  File \"C:\\Users\\annpo\\PycharmProjects\\Behave\\features\\pages\\login_page.py\", line 15, in enter_email\n    self.driver.find_element(*self.email_input).send_keys(email)\n    ^^^^^^^^^^^^^^^^^^^^^^^^^^^^^^^^^^^^^^^^^^^\n  File \"C:\\Users\\annpo\\PycharmProjects\\Behave\\venv\\Lib\\site-packages\\selenium\\webdriver\\remote\\webdriver.py\", line 898, in find_element\n    return self.execute(Command.FIND_ELEMENT, {\"using\": by, \"value\": value})[\"value\"]\n           ^^^^^^^^^^^^^^^^^^^^^^^^^^^^^^^^^^^^^^^^^^^^^^^^^^^^^^^^^^^^^^^^^\n  File \"C:\\Users\\annpo\\PycharmProjects\\Behave\\venv\\Lib\\site-packages\\selenium\\webdriver\\remote\\webdriver.py\", line 429, in execute\n    self.error_handler.check_response(response)\n  File \"C:\\Users\\annpo\\PycharmProjects\\Behave\\venv\\Lib\\site-packages\\selenium\\webdriver\\remote\\errorhandler.py\", line 232, in check_response\n    raise exception_class(message, screen, stacktrace)\n"}, "steps": [{"name": "Given користувач відкриває сторінку логіна", "status": "passed", "start": 1742547729736, "stop": 1742547735877}, {"name": "When він вводить \"user@example.com\" і \"password123\"", "status": "broken", "statusDetails": {"message": "selenium.common.exceptions.NoSuchElementException: Message: no such element: Unable to locate element: {\"method\":\"css selector\",\"selector\":\"[id=\"email\"]\"}\n  (Session info: chrome=134.0.6998.118); For documentation on this error, please visit: https://www.selenium.dev/documentation/webdriver/troubleshooting/errors#no-such-element-exception\nStacktrace:\n\tGetHandleVerifier [0x00007FF6C61BFE65+26629]\n\t(No symbol) [0x00007FF6C6126030]\n\t(No symbol) [0x00007FF6C5FB931A]\n\t(No symbol) [0x00007FF6C600F8E7]\n\t(No symbol) [0x00007FF6C600FB1C]\n\t(No symbol) [0x00007FF6C60634A7]\n\t(No symbol) [0x00007FF6C6037AEF]\n\t(No symbol) [0x00007FF6C6060169]\n\t(No symbol) [0x00007FF6C6037883]\n\t(No symbol) [0x00007FF6C6000550]\n\t(No symbol) [0x00007FF6C6001803]\n\tGetHandleVerifier [0x00007FF6C65172DD+3529853]\n\tGetHandleVerifier [0x00007FF6C652DA42+3621858]\n\tGetHandleVerifier [0x00007FF6C65224F3+3575443]\n\tGetHandleVerifier [0x00007FF6C628B79A+860474]\n\t(No symbol) [0x00007FF6C61308AF]\n\t(No symbol) [0x00007FF6C612CBE4]\n\t(No symbol) [0x00007FF6C612CD86]\n\t(No symbol) [0x00007FF6C611C2E9]\n\tBaseThreadInitThunk [0x00007FF9F74AE8D7+23]\n\tRtlUserThreadStart [0x00007FF9F971BF6C+44]\n\n", "trace": "  File \"C:\\Users\\annpo\\PycharmProjects\\Behave\\venv\\Lib\\site-packages\\behave\\model.py\", line 1329, in run\n    match.run(runner.context)\n  File \"C:\\Users\\annpo\\PycharmProjects\\Behave\\venv\\Lib\\site-packages\\behave\\matchers.py\", line 98, in run\n    self.func(context, *args, **kwargs)\n  File \"features\\steps\\login_steps.py\", line 13, in enter_credentials\n    context.page.enter_email(email)\n  File \"C:\\Users\\annpo\\PycharmProjects\\Behave\\features\\pages\\login_page.py\", line 15, in enter_email\n    self.driver.find_element(*self.email_input).send_keys(email)\n    ^^^^^^^^^^^^^^^^^^^^^^^^^^^^^^^^^^^^^^^^^^^\n  File \"C:\\Users\\annpo\\PycharmProjects\\Behave\\venv\\Lib\\site-packages\\selenium\\webdriver\\remote\\webdriver.py\", line 898, in find_element\n    return self.execute(Command.FIND_ELEMENT, {\"using\": by, \"value\": value})[\"value\"]\n           ^^^^^^^^^^^^^^^^^^^^^^^^^^^^^^^^^^^^^^^^^^^^^^^^^^^^^^^^^^^^^^^^^\n  File \"C:\\Users\\annpo\\PycharmProjects\\Behave\\venv\\Lib\\site-packages\\selenium\\webdriver\\remote\\webdriver.py\", line 429, in execute\n    self.error_handler.check_response(response)\n  File \"C:\\Users\\annpo\\PycharmProjects\\Behave\\venv\\Lib\\site-packages\\selenium\\webdriver\\remote\\errorhandler.py\", line 232, in check_response\n    raise exception_class(message, screen, stacktrace)\n"}, "start": 1742547735877, "stop": 1742547735906}, {"name": "Then він бачить повідомлення \"Вхід успішний\"", "status": "skipped", "start": 1742547735906, "stop": 1742547735906}], "start": 1742547729707, "stop": 1742547735906, "uuid": "1eb4c9c1-6d0c-4cd0-96ae-1f7f6905296b", "historyId": "5c7c7131eb30dbba775f64fd6ae1aa72", "fullName": "Логін на сайт: Успішний логін", "labels": [{"name": "severity", "value": "normal"}, {"name": "feature", "value": "Логін на сайт"}, {"name": "framework", "value": "behave"}, {"name": "language", "value": "cpython3"}]}